  A1095.cpp
d:\学习\acm\练习源码\pat a1095\a1095\a1095\a1095.cpp(29): warning C4477: “scanf”: 格式字符串“%s”需要类型“char *”的参数，但可变参数 1 拥有了类型“const _Elem *”
          with
          [
              _Elem=char
          ]
d:\学习\acm\练习源码\pat a1095\a1095\a1095\a1095.cpp(29): warning C4477: “scanf”: 格式字符串“%s”需要类型“char *”的参数，但可变参数 5 拥有了类型“const _Elem *”
          with
          [
              _Elem=char
          ]
d:\学习\acm\练习源码\pat a1095\a1095\a1095\a1095.cpp(47): warning C4018: “<”: 有符号/无符号不匹配
d:\学习\acm\练习源码\pat a1095\a1095\a1095\a1095.cpp(66): warning C4018: “<”: 有符号/无符号不匹配
d:\学习\acm\练习源码\pat a1095\a1095\a1095\a1095.cpp(22): warning C4996: 'scanf': This function or variable may be unsafe. Consider using scanf_s instead. To disable deprecation, use _CRT_SECURE_NO_WARNINGS. See online help for details.
  d:\windows kits\10\include\10.0.17763.0\ucrt\stdio.h(1274): note: 参见“scanf”的声明
d:\学习\acm\练习源码\pat a1095\a1095\a1095\a1095.cpp(29): warning C4996: 'scanf': This function or variable may be unsafe. Consider using scanf_s instead. To disable deprecation, use _CRT_SECURE_NO_WARNINGS. See online help for details.
  d:\windows kits\10\include\10.0.17763.0\ucrt\stdio.h(1274): note: 参见“scanf”的声明
d:\学习\acm\练习源码\pat a1095\a1095\a1095\a1095.cpp(64): warning C4996: 'scanf': This function or variable may be unsafe. Consider using scanf_s instead. To disable deprecation, use _CRT_SECURE_NO_WARNINGS. See online help for details.
  d:\windows kits\10\include\10.0.17763.0\ucrt\stdio.h(1274): note: 参见“scanf”的声明
  A1095.vcxproj -> D:\学习\ACM\练习源码\PAT A1095\A1095\Debug\A1095.exe
